# JRE version: OpenJDK Runtime Environment (21.0.9) (build 21.0.9+-14649483-b1163.86)
# Java VM: OpenJDK 64-Bit Server VM (21.0.9+-14649483-b1163.86, mixed mode, tiered, compressed oops, compressed class ptrs, g1 gc, windows-amd64)
GC Precious Log:
 CardTable entry size: 512
 Card Set container configuration: InlinePtr #cards 5 size 8 Array Of Cards #cards 12 size 40 Howl #buckets 4 coarsen threshold 1843 Howl Bitmap #cards 512 size 80 coarsen threshold 460 Card regions per heap region 1 cards per card region 2048
 CPUs: 8 total, 8 available
 Memory: 8050M
 Large Page Support: Disabled
 NUMA Support: Disabled
 Compressed Oops: Enabled (32-bit)
 Heap Region Size: 1M
 Heap Min Capacity: 8M
 Heap Initial Capacity: 126M
 Heap Max Capacity: 2014M
 Pre-touch: Disabled
 Parallel Workers: 8
 Concurrent Workers: 2
 Concurrent Refinement Workers: 8
 Periodic GC: Disabled
Heap:
 garbage-first heap   total 450560K, used 329274K [0x0000000082200000, 0x0000000100000000)
  region size 1024K, 67 young (68608K), 16 survivors (16384K)
 Metaspace       used 72034K, committed 72384K, reserved 1114112K
  class space    used 7990K, committed 8192K, reserved 1048576K
GC Heap History (20 events):
Event: 28.966 GC heap before
{Heap before GC invocations=40 (full 0):
 garbage-first heap   total 370688K, used 340435K [0x0000000082200000, 0x0000000100000000)
  region size 1024K, 120 young (122880K), 8 survivors (8192K)
 Metaspace       used 71372K, committed 71680K, reserved 1114112K
  class space    used 7980K, committed 8128K, reserved 1048576K
}
Event: 28.976 GC heap after
{Heap after GC invocations=41 (full 0):
 garbage-first heap   total 370688K, used 228417K [0x0000000082200000, 0x0000000100000000)
  region size 1024K, 14 young (14336K), 14 survivors (14336K)
 Metaspace       used 71372K, committed 71680K, reserved 1114112K
  class space    used 7980K, committed 8128K, reserved 1048576K
}
Event: 30.099 GC heap before
{Heap before GC invocations=41 (full 0):
 garbage-first heap   total 370688K, used 343105K [0x0000000082200000, 0x0000000100000000)
  region size 1024K, 126 young (129024K), 14 survivors (14336K)
 Metaspace       used 71650K, committed 72064K, reserved 1114112K
  class space    used 7984K, committed 8192K, reserved 1048576K
}
Event: 30.118 GC heap after
{Heap after GC invocations=42 (full 0):
 garbage-first heap   total 370688K, used 239257K [0x0000000082200000, 0x0000000100000000)
  region size 1024K, 16 young (16384K), 16 survivors (16384K)
 Metaspace       used 71650K, committed 72064K, reserved 1114112K
  class space    used 7984K, committed 8192K, reserved 1048576K
}
Event: 31.143 GC heap before
{Heap before GC invocations=43 (full 0):
 garbage-first heap   total 399360K, used 344729K [0x0000000082200000, 0x0000000100000000)
  region size 1024K, 119 young (121856K), 16 survivors (16384K)
 Metaspace       used 71782K, committed 72192K, reserved 1114112K
  class space    used 7987K, committed 8192K, reserved 1048576K
}
Event: 31.157 GC heap after
{Heap after GC invocations=44 (full 0):
 garbage-first heap   total 399360K, used 245630K [0x0000000082200000, 0x0000000100000000)
  region size 1024K, 7 young (7168K), 7 survivors (7168K)
 Metaspace       used 71782K, committed 72192K, reserved 1114112K
  class space    used 7987K, committed 8192K, reserved 1048576K
}
Event: 32.072 GC heap before
{Heap before GC invocations=44 (full 0):
 garbage-first heap   total 399360K, used 371582K [0x0000000082200000, 0x0000000100000000)
  region size 1024K, 130 young (133120K), 7 survivors (7168K)
 Metaspace       used 71817K, committed 72192K, reserved 1114112K
  class space    used 7987K, committed 8192K, reserved 1048576K
}
Event: 32.082 GC heap after
{Heap after GC invocations=45 (full 0):
 garbage-first heap   total 399360K, used 249726K [0x0000000082200000, 0x0000000100000000)
  region size 1024K, 12 young (12288K), 12 survivors (12288K)
 Metaspace       used 71817K, committed 72192K, reserved 1114112K
  class space    used 7987K, committed 8192K, reserved 1048576K
}
Event: 32.943 GC heap before
{Heap before GC invocations=45 (full 0):
 garbage-first heap   total 399360K, used 375678K [0x0000000082200000, 0x0000000100000000)
  region size 1024K, 135 young (138240K), 12 survivors (12288K)
 Metaspace       used 71853K, committed 72256K, reserved 1114112K
  class space    used 7987K, committed 8192K, reserved 1048576K
}
Event: 32.955 GC heap after
{Heap after GC invocations=46 (full 0):
 garbage-first heap   total 399360K, used 254806K [0x0000000082200000, 0x0000000100000000)
  region size 1024K, 11 young (11264K), 11 survivors (11264K)
 Metaspace       used 71853K, committed 72256K, reserved 1114112K
  class space    used 7987K, committed 8192K, reserved 1048576K
}
Event: 33.865 GC heap before
{Heap before GC invocations=47 (full 0):
 garbage-first heap   total 427008K, used 375638K [0x0000000082200000, 0x0000000100000000)
  region size 1024K, 129 young (132096K), 11 survivors (11264K)
 Metaspace       used 71894K, committed 72256K, reserved 1114112K
  class space    used 7989K, committed 8192K, reserved 1048576K
}
Event: 33.876 GC heap after
{Heap after GC invocations=48 (full 0):
 garbage-first heap   total 427008K, used 260797K [0x0000000082200000, 0x0000000100000000)
  region size 1024K, 11 young (11264K), 11 survivors (11264K)
 Metaspace       used 71894K, committed 72256K, reserved 1114112K
  class space    used 7989K, committed 8192K, reserved 1048576K
}
Event: 34.706 GC heap before
{Heap before GC invocations=48 (full 0):
 garbage-first heap   total 427008K, used 404157K [0x0000000082200000, 0x0000000100000000)
  region size 1024K, 151 young (154624K), 11 survivors (11264K)
 Metaspace       used 71943K, committed 72320K, reserved 1114112K
  class space    used 7990K, committed 8192K, reserved 1048576K
}
Event: 34.719 GC heap after
{Heap after GC invocations=49 (full 0):
 garbage-first heap   total 427008K, used 264096K [0x0000000082200000, 0x0000000100000000)
  region size 1024K, 12 young (12288K), 12 survivors (12288K)
 Metaspace       used 71943K, committed 72320K, reserved 1114112K
  class space    used 7990K, committed 8192K, reserved 1048576K
}
Event: 35.457 GC heap before
{Heap before GC invocations=49 (full 0):
 garbage-first heap   total 427008K, used 403360K [0x0000000082200000, 0x0000000100000000)
  region size 1024K, 148 young (151552K), 12 survivors (12288K)
 Metaspace       used 71961K, committed 72320K, reserved 1114112K
  class space    used 7990K, committed 8192K, reserved 1048576K
}
Event: 35.471 GC heap after
{Heap after GC invocations=50 (full 0):
 garbage-first heap   total 427008K, used 269972K [0x0000000082200000, 0x0000000100000000)
  region size 1024K, 12 young (12288K), 12 survivors (12288K)
 Metaspace       used 71961K, committed 72320K, reserved 1114112K
  class space    used 7990K, committed 8192K, reserved 1048576K
}
Event: 36.277 GC heap before
{Heap before GC invocations=51 (full 0):
 garbage-first heap   total 450560K, used 404116K [0x0000000082200000, 0x0000000100000000)
  region size 1024K, 143 young (146432K), 12 survivors (12288K)
 Metaspace       used 71996K, committed 72384K, reserved 1114112K
  class space    used 7990K, committed 8192K, reserved 1048576K
}
Event: 36.289 GC heap after
{Heap after GC invocations=52 (full 0):
 garbage-first heap   total 450560K, used 274891K [0x0000000082200000, 0x0000000100000000)
  region size 1024K, 11 young (11264K), 11 survivors (11264K)
 Metaspace       used 71996K, committed 72384K, reserved 1114112K
  class space    used 7990K, committed 8192K, reserved 1048576K
}
Event: 37.051 GC heap before
{Heap before GC invocations=52 (full 0):
 garbage-first heap   total 450560K, used 427467K [0x0000000082200000, 0x0000000100000000)
  region size 1024K, 160 young (163840K), 11 survivors (11264K)
 Metaspace       used 72015K, committed 72384K, reserved 1114112K
  class space    used 7990K, committed 8192K, reserved 1048576K
}
Event: 37.068 GC heap after
{Heap after GC invocations=53 (full 0):
 garbage-first heap   total 450560K, used 278074K [0x0000000082200000, 0x0000000100000000)
  region size 1024K, 16 young (16384K), 16 survivors (16384K)
 Metaspace       used 72015K, committed 72384K, reserved 1114112K
  class space    used 7990K, committed 8192K, reserved 1048576K
}

