# JRE version: OpenJDK Runtime Environment Temurin-21.0.7+6 (21.0.7+6) (build 21.0.7+6-LTS)
# Java VM: OpenJDK 64-Bit Server VM Temurin-21.0.7+6 (21.0.7+6-LTS, mixed mode, sharing, tiered, compressed oops, compressed class ptrs, g1 gc, windows-amd64)
GC Precious Log:
 CardTable entry size: 512
 Card Set container configuration: InlinePtr #cards 5 size 8 Array Of Cards #cards 12 size 40 Howl #buckets 4 coarsen threshold 1843 Howl Bitmap #cards 512 size 80 coarsen threshold 460 Card regions per heap region 1 cards per card region 2048
 CPUs: 8 total, 8 available
 Memory: 8050M
 Large Page Support: Disabled
 NUMA Support: Disabled
 Compressed Oops: Enabled (32-bit)
 Heap Region Size: 1M
 Heap Min Capacity: 8M
 Heap Initial Capacity: 126M
 Heap Max Capacity: 2G
 Pre-touch: Disabled
 Parallel Workers: 8
 Concurrent Workers: 2
 Concurrent Refinement Workers: 8
 Periodic GC: Disabled
Heap:
 garbage-first heap   total 276480K, used 216266K [0x0000000080000000, 0x0000000100000000)
  region size 1024K, 22 young (22528K), 5 survivors (5120K)
 Metaspace       used 127297K, committed 129792K, reserved 1179648K
  class space    used 17186K, committed 18432K, reserved 1048576K
GC Heap History (20 events):
Event: 34.608 GC heap before
{Heap before GC invocations=48 (full 0):
 garbage-first heap   total 165888K, used 150813K [0x0000000080000000, 0x0000000100000000)
  region size 1024K, 50 young (51200K), 5 survivors (5120K)
 Metaspace       used 93575K, committed 95872K, reserved 1179648K
  class space    used 13150K, committed 14272K, reserved 1048576K
}
Event: 34.633 GC heap after
{Heap after GC invocations=49 (full 0):
 garbage-first heap   total 180224K, used 128222K [0x0000000080000000, 0x0000000100000000)
  region size 1024K, 7 young (7168K), 7 survivors (7168K)
 Metaspace       used 93575K, committed 95872K, reserved 1179648K
  class space    used 13150K, committed 14272K, reserved 1048576K
}
Event: 35.446 GC heap before
{Heap before GC invocations=50 (full 0):
 garbage-first heap   total 215040K, used 163038K [0x0000000080000000, 0x0000000100000000)
  region size 1024K, 36 young (36864K), 7 survivors (7168K)
 Metaspace       used 98180K, committed 100480K, reserved 1179648K
  class space    used 13523K, committed 14656K, reserved 1048576K
}
Event: 35.456 GC heap after
{Heap after GC invocations=51 (full 0):
 garbage-first heap   total 215040K, used 137533K [0x0000000080000000, 0x0000000100000000)
  region size 1024K, 5 young (5120K), 5 survivors (5120K)
 Metaspace       used 98180K, committed 100480K, reserved 1179648K
  class space    used 13523K, committed 14656K, reserved 1048576K
}
Event: 36.183 GC heap before
{Heap before GC invocations=51 (full 0):
 garbage-first heap   total 215040K, used 184637K [0x0000000080000000, 0x0000000100000000)
  region size 1024K, 48 young (49152K), 5 survivors (5120K)
 Metaspace       used 104791K, committed 107200K, reserved 1179648K
  class space    used 14223K, committed 15360K, reserved 1048576K
}
Event: 36.190 GC heap after
{Heap after GC invocations=52 (full 0):
 garbage-first heap   total 215040K, used 144290K [0x0000000080000000, 0x0000000100000000)
  region size 1024K, 6 young (6144K), 6 survivors (6144K)
 Metaspace       used 104791K, committed 107200K, reserved 1179648K
  class space    used 14223K, committed 15360K, reserved 1048576K
}
Event: 37.247 GC heap before
{Heap before GC invocations=52 (full 0):
 garbage-first heap   total 215040K, used 182178K [0x0000000080000000, 0x0000000100000000)
  region size 1024K, 44 young (45056K), 6 survivors (6144K)
 Metaspace       used 112913K, committed 115328K, reserved 1179648K
  class space    used 15465K, committed 16640K, reserved 1048576K
}
Event: 37.253 GC heap after
{Heap after GC invocations=53 (full 0):
 garbage-first heap   total 215040K, used 147962K [0x0000000080000000, 0x0000000100000000)
  region size 1024K, 6 young (6144K), 6 survivors (6144K)
 Metaspace       used 112913K, committed 115328K, reserved 1179648K
  class space    used 15465K, committed 16640K, reserved 1048576K
}
Event: 38.024 GC heap before
{Heap before GC invocations=54 (full 0):
 garbage-first heap   total 225280K, used 173562K [0x0000000080000000, 0x0000000100000000)
  region size 1024K, 45 young (46080K), 6 survivors (6144K)
 Metaspace       used 116841K, committed 119232K, reserved 1179648K
  class space    used 16109K, committed 17280K, reserved 1048576K
}
Event: 38.031 GC heap after
{Heap after GC invocations=55 (full 0):
 garbage-first heap   total 225280K, used 136255K [0x0000000080000000, 0x0000000100000000)
  region size 1024K, 6 young (6144K), 6 survivors (6144K)
 Metaspace       used 116841K, committed 119232K, reserved 1179648K
  class space    used 16109K, committed 17280K, reserved 1048576K
}
Event: 39.646 GC heap before
{Heap before GC invocations=55 (full 0):
 garbage-first heap   total 225280K, used 191551K [0x0000000080000000, 0x0000000100000000)
  region size 1024K, 61 young (62464K), 6 survivors (6144K)
 Metaspace       used 118798K, committed 121280K, reserved 1179648K
  class space    used 16246K, committed 17472K, reserved 1048576K
}
Event: 39.665 GC heap after
{Heap after GC invocations=56 (full 0):
 garbage-first heap   total 225280K, used 149717K [0x0000000080000000, 0x0000000100000000)
  region size 1024K, 8 young (8192K), 8 survivors (8192K)
 Metaspace       used 118798K, committed 121280K, reserved 1179648K
  class space    used 16246K, committed 17472K, reserved 1048576K
}
Event: 40.222 GC heap before
{Heap before GC invocations=56 (full 0):
 garbage-first heap   total 225280K, used 193749K [0x0000000080000000, 0x0000000100000000)
  region size 1024K, 51 young (52224K), 8 survivors (8192K)
 Metaspace       used 118866K, committed 121344K, reserved 1179648K
  class space    used 16249K, committed 17472K, reserved 1048576K
}
Event: 40.241 GC heap after
{Heap after GC invocations=57 (full 0):
 garbage-first heap   total 225280K, used 165669K [0x0000000080000000, 0x0000000100000000)
  region size 1024K, 7 young (7168K), 7 survivors (7168K)
 Metaspace       used 118866K, committed 121344K, reserved 1179648K
  class space    used 16249K, committed 17472K, reserved 1048576K
}
Event: 40.698 GC heap before
{Heap before GC invocations=58 (full 0):
 garbage-first heap   total 276480K, used 198437K [0x0000000080000000, 0x0000000100000000)
  region size 1024K, 40 young (40960K), 7 survivors (7168K)
 Metaspace       used 118881K, committed 121344K, reserved 1179648K
  class space    used 16250K, committed 17472K, reserved 1048576K
}
Event: 40.713 GC heap after
{Heap after GC invocations=59 (full 0):
 garbage-first heap   total 276480K, used 177828K [0x0000000080000000, 0x0000000100000000)
  region size 1024K, 5 young (5120K), 5 survivors (5120K)
 Metaspace       used 118881K, committed 121344K, reserved 1179648K
  class space    used 16250K, committed 17472K, reserved 1048576K
}
Event: 41.215 GC heap before
{Heap before GC invocations=59 (full 0):
 garbage-first heap   total 276480K, used 235172K [0x0000000080000000, 0x0000000100000000)
  region size 1024K, 59 young (60416K), 5 survivors (5120K)
 Metaspace       used 119368K, committed 121792K, reserved 1179648K
  class space    used 16316K, committed 17536K, reserved 1048576K
}
Event: 41.232 GC heap after
{Heap after GC invocations=60 (full 0):
 garbage-first heap   total 276480K, used 194365K [0x0000000080000000, 0x0000000100000000)
  region size 1024K, 8 young (8192K), 8 survivors (8192K)
 Metaspace       used 119368K, committed 121792K, reserved 1179648K
  class space    used 16316K, committed 17536K, reserved 1048576K
}
Event: 41.904 GC heap before
{Heap before GC invocations=60 (full 0):
 garbage-first heap   total 276480K, used 238397K [0x0000000080000000, 0x0000000100000000)
  region size 1024K, 52 young (53248K), 8 survivors (8192K)
 Metaspace       used 125596K, committed 128064K, reserved 1179648K
  class space    used 17051K, committed 18240K, reserved 1048576K
}
Event: 41.914 GC heap after
{Heap after GC invocations=61 (full 0):
 garbage-first heap   total 276480K, used 197834K [0x0000000080000000, 0x0000000100000000)
  region size 1024K, 5 young (5120K), 5 survivors (5120K)
 Metaspace       used 125596K, committed 128064K, reserved 1179648K
  class space    used 17051K, committed 18240K, reserved 1048576K
}

