# JRE version: OpenJDK Runtime Environment Temurin-21.0.10+7 (21.0.10+7) (build 21.0.10+7-LTS)
# Java VM: OpenJDK 64-Bit Server VM Temurin-21.0.10+7 (21.0.10+7-LTS, mixed mode, sharing, tiered, compressed oops, compressed class ptrs, parallel gc, windows-amd64)
GC Precious Log:
 CardTable entry size: 512
 CPUs: 8 total, 8 available
 Memory: 8050M
 Large Page Support: Disabled
 NUMA Support: Disabled
 Compressed Oops: Enabled (32-bit)
 Alignments: Space 512K, Generation 512K, Heap 2M
 Heap Min Capacity: 100M
 Heap Initial Capacity: 100M
 Heap Max Capacity: 2G
 Pre-touch: Disabled
 Parallel Workers: 8
Heap:
 PSYoungGen      total 20480K, used 11719K [0x00000000d5580000, 0x00000000d6c00000, 0x0000000100000000)
  eden space 19968K, 56% used [0x00000000d5580000,0x00000000d6081f60,0x00000000d6900000)
  from space 512K, 87% used [0x00000000d6b80000,0x00000000d6bf0000,0x00000000d6c00000)
  to   space 512K, 0% used [0x00000000d6b00000,0x00000000d6b00000,0x00000000d6b80000)
 ParOldGen       total 72192K, used 71918K [0x0000000080000000, 0x0000000084680000, 0x00000000d5580000)
  object space 72192K, 99% used [0x0000000080000000,0x000000008463b9d8,0x0000000084680000)
 Metaspace       used 74336K, committed 76096K, reserved 1179648K
  class space    used 9234K, committed 9984K, reserved 1048576K
GC Heap History (20 events):
Event: 1520.068 GC heap before
{Heap before GC invocations=84 (full 3):
 PSYoungGen      total 20480K, used 20224K [0x00000000d5580000, 0x00000000d6c80000, 0x0000000100000000)
  eden space 19968K, 100% used [0x00000000d5580000,0x00000000d6900000,0x00000000d6900000)
  from space 512K, 50% used [0x00000000d6c00000,0x00000000d6c40000,0x00000000d6c80000)
  to   space 512K, 0% used [0x00000000d6b80000,0x00000000d6b80000,0x00000000d6c00000)
 ParOldGen       total 69632K, used 69534K [0x0000000080000000, 0x0000000084400000, 0x00000000d5580000)
  object space 69632K, 99% used [0x0000000080000000,0x00000000843e79b8,0x0000000084400000)
 Metaspace       used 73280K, committed 74944K, reserved 1179648K
  class space    used 9166K, committed 9856K, reserved 1048576K
}
Event: 1520.071 GC heap after
{Heap after GC invocations=84 (full 3):
 PSYoungGen      total 20480K, used 288K [0x00000000d5580000, 0x00000000d6c80000, 0x0000000100000000)
  eden space 19968K, 0% used [0x00000000d5580000,0x00000000d5580000,0x00000000d6900000)
  from space 512K, 56% used [0x00000000d6b80000,0x00000000d6bc8000,0x00000000d6c00000)
  to   space 512K, 0% used [0x00000000d6c00000,0x00000000d6c00000,0x00000000d6c80000)
 ParOldGen       total 69632K, used 69630K [0x0000000080000000, 0x0000000084400000, 0x00000000d5580000)
  object space 69632K, 99% used [0x0000000080000000,0x00000000843ff9c8,0x0000000084400000)
 Metaspace       used 73280K, committed 74944K, reserved 1179648K
  class space    used 9166K, committed 9856K, reserved 1048576K
}
Event: 1522.253 GC heap before
{Heap before GC invocations=85 (full 3):
 PSYoungGen      total 20480K, used 20256K [0x00000000d5580000, 0x00000000d6c80000, 0x0000000100000000)
  eden space 19968K, 100% used [0x00000000d5580000,0x00000000d6900000,0x00000000d6900000)
  from space 512K, 56% used [0x00000000d6b80000,0x00000000d6bc8000,0x00000000d6c00000)
  to   space 512K, 0% used [0x00000000d6c00000,0x00000000d6c00000,0x00000000d6c80000)
 ParOldGen       total 69632K, used 69630K [0x0000000080000000, 0x0000000084400000, 0x00000000d5580000)
  object space 69632K, 99% used [0x0000000080000000,0x00000000843ff9c8,0x0000000084400000)
 Metaspace       used 73529K, committed 75264K, reserved 1179648K
  class space    used 9192K, committed 9920K, reserved 1048576K
}
Event: 1522.259 GC heap after
{Heap after GC invocations=85 (full 3):
 PSYoungGen      total 20480K, used 512K [0x00000000d5580000, 0x00000000d6c80000, 0x0000000100000000)
  eden space 19968K, 0% used [0x00000000d5580000,0x00000000d5580000,0x00000000d6900000)
  from space 512K, 100% used [0x00000000d6c00000,0x00000000d6c80000,0x00000000d6c80000)
  to   space 1536K, 0% used [0x00000000d6980000,0x00000000d6980000,0x00000000d6b00000)
 ParOldGen       total 70656K, used 70406K [0x0000000080000000, 0x0000000084500000, 0x00000000d5580000)
  object space 70656K, 99% used [0x0000000080000000,0x00000000844c19c8,0x0000000084500000)
 Metaspace       used 73529K, committed 75264K, reserved 1179648K
  class space    used 9192K, committed 9920K, reserved 1048576K
}
Event: 1543.628 GC heap before
{Heap before GC invocations=86 (full 3):
 PSYoungGen      total 20480K, used 20480K [0x00000000d5580000, 0x00000000d6c80000, 0x0000000100000000)
  eden space 19968K, 100% used [0x00000000d5580000,0x00000000d6900000,0x00000000d6900000)
  from space 512K, 100% used [0x00000000d6c00000,0x00000000d6c80000,0x00000000d6c80000)
  to   space 1536K, 0% used [0x00000000d6980000,0x00000000d6980000,0x00000000d6b00000)
 ParOldGen       total 70656K, used 70406K [0x0000000080000000, 0x0000000084500000, 0x00000000d5580000)
  object space 70656K, 99% used [0x0000000080000000,0x00000000844c19c8,0x0000000084500000)
 Metaspace       used 73566K, committed 75264K, reserved 1179648K
  class space    used 9192K, committed 9920K, reserved 1048576K
}
Event: 1543.642 GC heap after
{Heap after GC invocations=86 (full 3):
 PSYoungGen      total 21504K, used 288K [0x00000000d5580000, 0x00000000d6c80000, 0x0000000100000000)
  eden space 19968K, 0% used [0x00000000d5580000,0x00000000d5580000,0x00000000d6900000)
  from space 1536K, 18% used [0x00000000d6980000,0x00000000d69c8000,0x00000000d6b00000)
  to   space 1024K, 0% used [0x00000000d6b80000,0x00000000d6b80000,0x00000000d6c80000)
 ParOldGen       total 71168K, used 70934K [0x0000000080000000, 0x0000000084580000, 0x00000000d5580000)
  object space 71168K, 99% used [0x0000000080000000,0x00000000845459d8,0x0000000084580000)
 Metaspace       used 73566K, committed 75264K, reserved 1179648K
  class space    used 9192K, committed 9920K, reserved 1048576K
}
Event: 2636.190 GC heap before
{Heap before GC invocations=87 (full 3):
 PSYoungGen      total 21504K, used 20256K [0x00000000d5580000, 0x00000000d6c80000, 0x0000000100000000)
  eden space 19968K, 100% used [0x00000000d5580000,0x00000000d6900000,0x00000000d6900000)
  from space 1536K, 18% used [0x00000000d6980000,0x00000000d69c8000,0x00000000d6b00000)
  to   space 1024K, 0% used [0x00000000d6b80000,0x00000000d6b80000,0x00000000d6c80000)
 ParOldGen       total 71168K, used 70934K [0x0000000080000000, 0x0000000084580000, 0x00000000d5580000)
  object space 71168K, 99% used [0x0000000080000000,0x00000000845459d8,0x0000000084580000)
 Metaspace       used 73619K, committed 75328K, reserved 1179648K
  class space    used 9193K, committed 9920K, reserved 1048576K
}
Event: 2636.260 GC heap after
{Heap after GC invocations=87 (full 3):
 PSYoungGen      total 20480K, used 256K [0x00000000d5580000, 0x00000000d6c00000, 0x0000000100000000)
  eden space 19968K, 0% used [0x00000000d5580000,0x00000000d5580000,0x00000000d6900000)
  from space 512K, 50% used [0x00000000d6b80000,0x00000000d6bc0000,0x00000000d6c00000)
  to   space 512K, 0% used [0x00000000d6b00000,0x00000000d6b00000,0x00000000d6b80000)
 ParOldGen       total 71168K, used 70982K [0x0000000080000000, 0x0000000084580000, 0x00000000d5580000)
  object space 71168K, 99% used [0x0000000080000000,0x00000000845519d8,0x0000000084580000)
 Metaspace       used 73619K, committed 75328K, reserved 1179648K
  class space    used 9193K, committed 9920K, reserved 1048576K
}
Event: 3088.050 GC heap before
{Heap before GC invocations=88 (full 3):
 PSYoungGen      total 20480K, used 20224K [0x00000000d5580000, 0x00000000d6c00000, 0x0000000100000000)
  eden space 19968K, 100% used [0x00000000d5580000,0x00000000d6900000,0x00000000d6900000)
  from space 512K, 50% used [0x00000000d6b80000,0x00000000d6bc0000,0x00000000d6c00000)
  to   space 512K, 0% used [0x00000000d6b00000,0x00000000d6b00000,0x00000000d6b80000)
 ParOldGen       total 71168K, used 70982K [0x0000000080000000, 0x0000000084580000, 0x00000000d5580000)
  object space 71168K, 99% used [0x0000000080000000,0x00000000845519d8,0x0000000084580000)
 Metaspace       used 73683K, committed 75392K, reserved 1179648K
  class space    used 9194K, committed 9920K, reserved 1048576K
}
Event: 3088.110 GC heap after
{Heap after GC invocations=88 (full 3):
 PSYoungGen      total 20480K, used 352K [0x00000000d5580000, 0x00000000d6c00000, 0x0000000100000000)
  eden space 19968K, 0% used [0x00000000d5580000,0x00000000d5580000,0x00000000d6900000)
  from space 512K, 68% used [0x00000000d6b00000,0x00000000d6b58000,0x00000000d6b80000)
  to   space 512K, 0% used [0x00000000d6b80000,0x00000000d6b80000,0x00000000d6c00000)
 ParOldGen       total 71168K, used 71038K [0x0000000080000000, 0x0000000084580000, 0x00000000d5580000)
  object space 71168K, 99% used [0x0000000080000000,0x000000008455f9d8,0x0000000084580000)
 Metaspace       used 73683K, committed 75392K, reserved 1179648K
  class space    used 9194K, committed 9920K, reserved 1048576K
}
Event: 3720.785 GC heap before
{Heap before GC invocations=89 (full 3):
 PSYoungGen      total 20480K, used 20320K [0x00000000d5580000, 0x00000000d6c00000, 0x0000000100000000)
  eden space 19968K, 100% used [0x00000000d5580000,0x00000000d6900000,0x00000000d6900000)
  from space 512K, 68% used [0x00000000d6b00000,0x00000000d6b58000,0x00000000d6b80000)
  to   space 512K, 0% used [0x00000000d6b80000,0x00000000d6b80000,0x00000000d6c00000)
 ParOldGen       total 71168K, used 71038K [0x0000000080000000, 0x0000000084580000, 0x00000000d5580000)
  object space 71168K, 99% used [0x0000000080000000,0x000000008455f9d8,0x0000000084580000)
 Metaspace       used 73732K, committed 75456K, reserved 1179648K
  class space    used 9194K, committed 9920K, reserved 1048576K
}
Event: 3720.832 GC heap after
{Heap after GC invocations=89 (full 3):
 PSYoungGen      total 20480K, used 416K [0x00000000d5580000, 0x00000000d6c00000, 0x0000000100000000)
  eden space 19968K, 0% used [0x00000000d5580000,0x00000000d5580000,0x00000000d6900000)
  from space 512K, 81% used [0x00000000d6b80000,0x00000000d6be8000,0x00000000d6c00000)
  to   space 512K, 0% used [0x00000000d6b00000,0x00000000d6b00000,0x00000000d6b80000)
 ParOldGen       total 71168K, used 71110K [0x0000000080000000, 0x0000000084580000, 0x00000000d5580000)
  object space 71168K, 99% used [0x0000000080000000,0x00000000845719d8,0x0000000084580000)
 Metaspace       used 73732K, committed 75456K, reserved 1179648K
  class space    used 9194K, committed 9920K, reserved 1048576K
}
Event: 5271.783 GC heap before
{Heap before GC invocations=90 (full 3):
 PSYoungGen      total 20480K, used 20376K [0x00000000d5580000, 0x00000000d6c00000, 0x0000000100000000)
  eden space 19968K, 99% used [0x00000000d5580000,0x00000000d68fe138,0x00000000d6900000)
  from space 512K, 81% used [0x00000000d6b80000,0x00000000d6be8000,0x00000000d6c00000)
  to   space 512K, 0% used [0x00000000d6b00000,0x00000000d6b00000,0x00000000d6b80000)
 ParOldGen       total 71168K, used 71110K [0x0000000080000000, 0x0000000084580000, 0x00000000d5580000)
  object space 71168K, 99% used [0x0000000080000000,0x00000000845719d8,0x0000000084580000)
 Metaspace       used 73848K, committed 75584K, reserved 1179648K
  class space    used 9195K, committed 9920K, reserved 1048576K
}
Event: 5271.822 GC heap after
{Heap after GC invocations=90 (full 3):
 PSYoungGen      total 20480K, used 256K [0x00000000d5580000, 0x00000000d6c00000, 0x0000000100000000)
  eden space 19968K, 0% used [0x00000000d5580000,0x00000000d5580000,0x00000000d6900000)
  from space 512K, 50% used [0x00000000d6b00000,0x00000000d6b40000,0x00000000d6b80000)
  to   space 512K, 0% used [0x00000000d6b80000,0x00000000d6b80000,0x00000000d6c00000)
 ParOldGen       total 71168K, used 71166K [0x0000000080000000, 0x0000000084580000, 0x00000000d5580000)
  object space 71168K, 99% used [0x0000000080000000,0x000000008457f9d8,0x0000000084580000)
 Metaspace       used 73848K, committed 75584K, reserved 1179648K
  class space    used 9195K, committed 9920K, reserved 1048576K
}
Event: 5394.805 GC heap before
{Heap before GC invocations=91 (full 3):
 PSYoungGen      total 20480K, used 20224K [0x00000000d5580000, 0x00000000d6c00000, 0x0000000100000000)
  eden space 19968K, 100% used [0x00000000d5580000,0x00000000d6900000,0x00000000d6900000)
  from space 512K, 50% used [0x00000000d6b00000,0x00000000d6b40000,0x00000000d6b80000)
  to   space 512K, 0% used [0x00000000d6b80000,0x00000000d6b80000,0x00000000d6c00000)
 ParOldGen       total 71168K, used 71166K [0x0000000080000000, 0x0000000084580000, 0x00000000d5580000)
  object space 71168K, 99% used [0x0000000080000000,0x000000008457f9d8,0x0000000084580000)
 Metaspace       used 74122K, committed 75840K, reserved 1179648K
  class space    used 9230K, committed 9984K, reserved 1048576K
}
Event: 5394.827 GC heap after
{Heap after GC invocations=91 (full 3):
 PSYoungGen      total 20480K, used 512K [0x00000000d5580000, 0x00000000d6c00000, 0x0000000100000000)
  eden space 19968K, 0% used [0x00000000d5580000,0x00000000d5580000,0x00000000d6900000)
  from space 512K, 100% used [0x00000000d6b80000,0x00000000d6c00000,0x00000000d6c00000)
  to   space 1024K, 0% used [0x00000000d6a00000,0x00000000d6a00000,0x00000000d6b00000)
 ParOldGen       total 71680K, used 71390K [0x0000000080000000, 0x0000000084600000, 0x00000000d5580000)
  object space 71680K, 99% used [0x0000000080000000,0x00000000845b79d8,0x0000000084600000)
 Metaspace       used 74122K, committed 75840K, reserved 1179648K
  class space    used 9230K, committed 9984K, reserved 1048576K
}
Event: 6111.587 GC heap before
{Heap before GC invocations=92 (full 3):
 PSYoungGen      total 20480K, used 20479K [0x00000000d5580000, 0x00000000d6c00000, 0x0000000100000000)
  eden space 19968K, 99% used [0x00000000d5580000,0x00000000d68fffb8,0x00000000d6900000)
  from space 512K, 100% used [0x00000000d6b80000,0x00000000d6c00000,0x00000000d6c00000)
  to   space 1024K, 0% used [0x00000000d6a00000,0x00000000d6a00000,0x00000000d6b00000)
 ParOldGen       total 71680K, used 71390K [0x0000000080000000, 0x0000000084600000, 0x00000000d5580000)
  object space 71680K, 99% used [0x0000000080000000,0x00000000845b79d8,0x0000000084600000)
 Metaspace       used 74206K, committed 75904K, reserved 1179648K
  class space    used 9230K, committed 9984K, reserved 1048576K
}
Event: 6111.620 GC heap after
{Heap after GC invocations=92 (full 3):
 PSYoungGen      total 20992K, used 288K [0x00000000d5580000, 0x00000000d6c00000, 0x0000000100000000)
  eden space 19968K, 0% used [0x00000000d5580000,0x00000000d5580000,0x00000000d6900000)
  from space 1024K, 28% used [0x00000000d6a00000,0x00000000d6a48000,0x00000000d6b00000)
  to   space 512K, 0% used [0x00000000d6b80000,0x00000000d6b80000,0x00000000d6c00000)
 ParOldGen       total 72192K, used 71862K [0x0000000080000000, 0x0000000084680000, 0x00000000d5580000)
  object space 72192K, 99% used [0x0000000080000000,0x000000008462d9d8,0x0000000084680000)
 Metaspace       used 74206K, committed 75904K, reserved 1179648K
  class space    used 9230K, committed 9984K, reserved 1048576K
}
Event: 6921.211 GC heap before
{Heap before GC invocations=93 (full 3):
 PSYoungGen      total 20992K, used 20256K [0x00000000d5580000, 0x00000000d6c00000, 0x0000000100000000)
  eden space 19968K, 100% used [0x00000000d5580000,0x00000000d6900000,0x00000000d6900000)
  from space 1024K, 28% used [0x00000000d6a00000,0x00000000d6a48000,0x00000000d6b00000)
  to   space 512K, 0% used [0x00000000d6b80000,0x00000000d6b80000,0x00000000d6c00000)
 ParOldGen       total 72192K, used 71862K [0x0000000080000000, 0x0000000084680000, 0x00000000d5580000)
  object space 72192K, 99% used [0x0000000080000000,0x000000008462d9d8,0x0000000084680000)
 Metaspace       used 74278K, committed 76032K, reserved 1179648K
  class space    used 9234K, committed 9984K, reserved 1048576K
}
Event: 6921.888 GC heap after
{Heap after GC invocations=93 (full 3):
 PSYoungGen      total 20480K, used 448K [0x00000000d5580000, 0x00000000d6c00000, 0x0000000100000000)
  eden space 19968K, 0% used [0x00000000d5580000,0x00000000d5580000,0x00000000d6900000)
  from space 512K, 87% used [0x00000000d6b80000,0x00000000d6bf0000,0x00000000d6c00000)
  to   space 512K, 0% used [0x00000000d6b00000,0x00000000d6b00000,0x00000000d6b80000)
 ParOldGen       total 72192K, used 71918K [0x0000000080000000, 0x0000000084680000, 0x00000000d5580000)
  object space 72192K, 99% used [0x0000000080000000,0x000000008463b9d8,0x0000000084680000)
 Metaspace       used 74278K, committed 76032K, reserved 1179648K
  class space    used 9234K, committed 9984K, reserved 1048576K
}

