# JRE version: OpenJDK Runtime Environment Temurin-21.0.10+7 (21.0.10+7) (build 21.0.10+7-LTS)
# Java VM: OpenJDK 64-Bit Server VM Temurin-21.0.10+7 (21.0.10+7-LTS, mixed mode, sharing, tiered, compressed oops, compressed class ptrs, g1 gc, windows-amd64)
GC Precious Log:
 CardTable entry size: 512
 Card Set container configuration: InlinePtr #cards 5 size 8 Array Of Cards #cards 12 size 40 Howl #buckets 4 coarsen threshold 1843 Howl Bitmap #cards 512 size 80 coarsen threshold 460 Card regions per heap region 1 cards per card region 2048
 CPUs: 8 total, 8 available
 Memory: 8050M
 Large Page Support: Disabled
 NUMA Support: Disabled
 Compressed Oops: Enabled (32-bit)
 Heap Region Size: 1M
 Heap Min Capacity: 8M
 Heap Initial Capacity: 126M
 Heap Max Capacity: 2G
 Pre-touch: Disabled
 Parallel Workers: 8
 Concurrent Workers: 2
 Concurrent Refinement Workers: 8
 Periodic GC: Disabled
Heap:
 garbage-first heap   total 137216K, used 105872K [0x0000000080000000, 0x0000000100000000)
  region size 1024K, 27 young (27648K), 2 survivors (2048K)
 Metaspace       used 75988K, committed 78144K, reserved 1179648K
  class space    used 10795K, committed 11840K, reserved 1048576K
GC Heap History (20 events):
Event: 15.928 GC heap before
{Heap before GC invocations=21 (full 0):
 garbage-first heap   total 88064K, used 85057K [0x0000000080000000, 0x0000000100000000)
  region size 1024K, 30 young (30720K), 4 survivors (4096K)
 Metaspace       used 55005K, committed 56896K, reserved 1114112K
  class space    used 8005K, committed 8960K, reserved 1048576K
}
Event: 15.933 GC heap after
{Heap after GC invocations=22 (full 0):
 garbage-first heap   total 96256K, used 63936K [0x0000000080000000, 0x0000000100000000)
  region size 1024K, 4 young (4096K), 4 survivors (4096K)
 Metaspace       used 55005K, committed 56896K, reserved 1114112K
  class space    used 8005K, committed 8960K, reserved 1048576K
}
Event: 16.160 GC heap before
{Heap before GC invocations=22 (full 0):
 garbage-first heap   total 96256K, used 84416K [0x0000000080000000, 0x0000000100000000)
  region size 1024K, 24 young (24576K), 4 survivors (4096K)
 Metaspace       used 56276K, committed 58176K, reserved 1114112K
  class space    used 8147K, committed 9088K, reserved 1048576K
}
Event: 16.163 GC heap after
{Heap after GC invocations=23 (full 0):
 garbage-first heap   total 96256K, used 66387K [0x0000000080000000, 0x0000000100000000)
  region size 1024K, 2 young (2048K), 2 survivors (2048K)
 Metaspace       used 56276K, committed 58176K, reserved 1114112K
  class space    used 8147K, committed 9088K, reserved 1048576K
}
Event: 16.401 GC heap before
{Heap before GC invocations=23 (full 0):
 garbage-first heap   total 96256K, used 85843K [0x0000000080000000, 0x0000000100000000)
  region size 1024K, 22 young (22528K), 2 survivors (2048K)
 Metaspace       used 58059K, committed 59968K, reserved 1114112K
  class space    used 8356K, committed 9280K, reserved 1048576K
}
Event: 16.404 GC heap after
{Heap after GC invocations=24 (full 0):
 garbage-first heap   total 96256K, used 67095K [0x0000000080000000, 0x0000000100000000)
  region size 1024K, 3 young (3072K), 3 survivors (3072K)
 Metaspace       used 58059K, committed 59968K, reserved 1114112K
  class space    used 8356K, committed 9280K, reserved 1048576K
}
Event: 16.767 GC heap before
{Heap before GC invocations=25 (full 0):
 garbage-first heap   total 112640K, used 86551K [0x0000000080000000, 0x0000000100000000)
  region size 1024K, 23 young (23552K), 3 survivors (3072K)
 Metaspace       used 59781K, committed 61696K, reserved 1114112K
  class space    used 8570K, committed 9536K, reserved 1048576K
}
Event: 16.773 GC heap after
{Heap after GC invocations=26 (full 0):
 garbage-first heap   total 112640K, used 67366K [0x0000000080000000, 0x0000000100000000)
  region size 1024K, 2 young (2048K), 2 survivors (2048K)
 Metaspace       used 59781K, committed 61696K, reserved 1114112K
  class space    used 8570K, committed 9536K, reserved 1048576K
}
Event: 17.422 GC heap before
{Heap before GC invocations=26 (full 0):
 garbage-first heap   total 112640K, used 103206K [0x0000000080000000, 0x0000000100000000)
  region size 1024K, 35 young (35840K), 2 survivors (2048K)
 Metaspace       used 62899K, committed 64896K, reserved 1114112K
  class space    used 9043K, committed 9984K, reserved 1048576K
}
Event: 17.427 GC heap after
{Heap after GC invocations=27 (full 0):
 garbage-first heap   total 112640K, used 70278K [0x0000000080000000, 0x0000000100000000)
  region size 1024K, 3 young (3072K), 3 survivors (3072K)
 Metaspace       used 62899K, committed 64896K, reserved 1114112K
  class space    used 9043K, committed 9984K, reserved 1048576K
}
Event: 18.178 GC heap before
{Heap before GC invocations=27 (full 0):
 garbage-first heap   total 112640K, used 103046K [0x0000000080000000, 0x0000000100000000)
  region size 1024K, 35 young (35840K), 3 survivors (3072K)
 Metaspace       used 65994K, committed 68032K, reserved 1114112K
  class space    used 9486K, committed 10496K, reserved 1048576K
}
Event: 18.183 GC heap after
{Heap after GC invocations=28 (full 0):
 garbage-first heap   total 112640K, used 71740K [0x0000000080000000, 0x0000000100000000)
  region size 1024K, 5 young (5120K), 5 survivors (5120K)
 Metaspace       used 65994K, committed 68032K, reserved 1114112K
  class space    used 9486K, committed 10496K, reserved 1048576K
}
Event: 18.736 GC heap before
{Heap before GC invocations=29 (full 0):
 garbage-first heap   total 121856K, used 107580K [0x0000000080000000, 0x0000000100000000)
  region size 1024K, 36 young (36864K), 5 survivors (5120K)
 Metaspace       used 68079K, committed 70144K, reserved 1114112K
  class space    used 9758K, committed 10752K, reserved 1048576K
}
Event: 18.742 GC heap after
{Heap after GC invocations=30 (full 0):
 garbage-first heap   total 121856K, used 76700K [0x0000000080000000, 0x0000000100000000)
  region size 1024K, 5 young (5120K), 5 survivors (5120K)
 Metaspace       used 68079K, committed 70144K, reserved 1114112K
  class space    used 9758K, committed 10752K, reserved 1048576K
}
Event: 19.355 GC heap before
{Heap before GC invocations=30 (full 0):
 garbage-first heap   total 121856K, used 111516K [0x0000000080000000, 0x0000000100000000)
  region size 1024K, 39 young (39936K), 5 survivors (5120K)
 Metaspace       used 70551K, committed 72640K, reserved 1114112K
  class space    used 10064K, committed 11072K, reserved 1048576K
}
Event: 19.361 GC heap after
{Heap after GC invocations=31 (full 0):
 garbage-first heap   total 121856K, used 78301K [0x0000000080000000, 0x0000000100000000)
  region size 1024K, 2 young (2048K), 2 survivors (2048K)
 Metaspace       used 70551K, committed 72640K, reserved 1114112K
  class space    used 10064K, committed 11072K, reserved 1048576K
}
Event: 19.990 GC heap before
{Heap before GC invocations=31 (full 0):
 garbage-first heap   total 121856K, used 112093K [0x0000000080000000, 0x0000000100000000)
  region size 1024K, 35 young (35840K), 2 survivors (2048K)
 Metaspace       used 72722K, committed 74816K, reserved 1114112K
  class space    used 10334K, committed 11392K, reserved 1048576K
}
Event: 19.994 GC heap after
{Heap after GC invocations=32 (full 0):
 garbage-first heap   total 121856K, used 81217K [0x0000000080000000, 0x0000000100000000)
  region size 1024K, 5 young (5120K), 5 survivors (5120K)
 Metaspace       used 72722K, committed 74816K, reserved 1114112K
  class space    used 10334K, committed 11392K, reserved 1048576K
}
Event: 20.875 GC heap before
{Heap before GC invocations=33 (full 0):
 garbage-first heap   total 137216K, used 110913K [0x0000000080000000, 0x0000000100000000)
  region size 1024K, 35 young (35840K), 5 survivors (5120K)
 Metaspace       used 74299K, committed 76416K, reserved 1114112K
  class space    used 10536K, committed 11584K, reserved 1048576K
}
Event: 20.881 GC heap after
{Heap after GC invocations=34 (full 0):
 garbage-first heap   total 137216K, used 81296K [0x0000000080000000, 0x0000000100000000)
  region size 1024K, 2 young (2048K), 2 survivors (2048K)
 Metaspace       used 74299K, committed 76416K, reserved 1114112K
  class space    used 10536K, committed 11584K, reserved 1048576K
}

